<?xml version="1.0" encoding="UTF-8"?>
<testsuite xmlns:xsi="http://www.w3.org/2001/XMLSchema-instance" xsi:noNamespaceSchemaLocation="https://maven.apache.org/surefire/maven-surefire-plugin/xsd/surefire-test-report.xsd" name="test.TestVod" time="2.109" tests="3" errors="0" skipped="0" failures="0">
  <properties>
[...]
</properties>
  <testcase name="demo01" classname="test.TestVod" time="1.967"/>
  <testcase name="demo02" classname="test.TestVod" time="0.072"/>
  <testcase name="demo03" classname="test.TestVod" time="0.015"/>
</testsuite>